# JRE version: OpenJDK Runtime Environment (8.0_152-b06) (build 1.8.0_152-release-1136-b06)
# Java VM: OpenJDK 64-Bit Server VM (25.152-b06 mixed mode windows-amd64 compressed oops)
Heap:
 PSYoungGen      total 424960K, used 191010K [0x00000000e0000000, 0x00000000fea00000, 0x0000000100000000)
  eden space 363520K, 41% used [0x00000000e0000000,0x00000000e94762f0,0x00000000f6300000)
  from space 61440K, 63% used [0x00000000fa000000,0x00000000fc612728,0x00000000fdc00000)
  to   space 62464K, 0% used [0x00000000f6300000,0x00000000f6300000,0x00000000fa000000)
 ParOldGen       total 154112K, used 111791K [0x00000000a0000000, 0x00000000a9680000, 0x00000000e0000000)
  object space 154112K, 72% used [0x00000000a0000000,0x00000000a6d2bcb0,0x00000000a9680000)
 Metaspace       used 90063K, capacity 94390K, committed 94592K, reserved 1132544K
  class space    used 11403K, capacity 12294K, committed 12416K, reserved 1048576K
GC Heap History (10 events):
Event: 389.005 GC heap before
{Heap before GC invocations=27 (full 3):
 PSYoungGen      total 287744K, used 277168K [0x00000000e0000000, 0x00000000f6600000, 0x0000000100000000)
  eden space 257536K, 100% used [0x00000000e0000000,0x00000000efb80000,0x00000000efb80000)
  from space 30208K, 64% used [0x00000000efb80000,0x00000000f0eac338,0x00000000f1900000)
  to   space 30720K, 0% used [0x00000000f4800000,0x00000000f4800000,0x00000000f6600000)
 ParOldGen       total 154112K, used 68116K [0x00000000a0000000, 0x00000000a9680000, 0x00000000e0000000)
  object space 154112K, 44% used [0x00000000a0000000,0x00000000a42851b8,0x00000000a9680000)
 Metaspace       used 87006K, capacity 90786K, committed 90880K, reserved 1128448K
  class space    used 11132K, capacity 11950K, committed 12032K, reserved 1048576K
Event: 389.051 GC heap after
Heap after GC invocations=27 (full 3):
 PSYoungGen      total 326656K, used 30714K [0x00000000e0000000, 0x00000000f7800000, 0x0000000100000000)
  eden space 295936K, 0% used [0x00000000e0000000,0x00000000e0000000,0x00000000f2100000)
  from space 30720K, 99% used [0x00000000f4800000,0x00000000f65feae0,0x00000000f6600000)
  to   space 39936K, 0% used [0x00000000f2100000,0x00000000f2100000,0x00000000f4800000)
 ParOldGen       total 154112K, used 81377K [0x00000000a0000000, 0x00000000a9680000, 0x00000000e0000000)
  object space 154112K, 52% used [0x00000000a0000000,0x00000000a4f78630,0x00000000a9680000)
 Metaspace       used 87006K, capacity 90786K, committed 90880K, reserved 1128448K
  class space    used 11132K, capacity 11950K, committed 12032K, reserved 1048576K
}
Event: 390.688 GC heap before
{Heap before GC invocations=28 (full 3):
 PSYoungGen      total 326656K, used 326650K [0x00000000e0000000, 0x00000000f7800000, 0x0000000100000000)
  eden space 295936K, 100% used [0x00000000e0000000,0x00000000f2100000,0x00000000f2100000)
  from space 30720K, 99% used [0x00000000f4800000,0x00000000f65feae0,0x00000000f6600000)
  to   space 39936K, 0% used [0x00000000f2100000,0x00000000f2100000,0x00000000f4800000)
 ParOldGen       total 154112K, used 81377K [0x00000000a0000000, 0x00000000a9680000, 0x00000000e0000000)
  object space 154112K, 52% used [0x00000000a0000000,0x00000000a4f78630,0x00000000a9680000)
 Metaspace       used 87298K, capacity 91106K, committed 91392K, reserved 1128448K
  class space    used 11136K, capacity 11956K, committed 12032K, reserved 1048576K
Event: 390.739 GC heap after
Heap after GC invocations=28 (full 3):
 PSYoungGen      total 335872K, used 39935K [0x00000000e0000000, 0x00000000fb780000, 0x0000000100000000)
  eden space 295936K, 0% used [0x00000000e0000000,0x00000000e0000000,0x00000000f2100000)
  from space 39936K, 99% used [0x00000000f2100000,0x00000000f47ffd98,0x00000000f4800000)
  to   space 56320K, 0% used [0x00000000f8080000,0x00000000f8080000,0x00000000fb780000)
 ParOldGen       total 154112K, used 109957K [0x00000000a0000000, 0x00000000a9680000, 0x00000000e0000000)
  object space 154112K, 71% used [0x00000000a0000000,0x00000000a6b61730,0x00000000a9680000)
 Metaspace       used 87298K, capacity 91106K, committed 91392K, reserved 1128448K
  class space    used 11136K, capacity 11956K, committed 12032K, reserved 1048576K
}
Event: 677.304 GC heap before
{Heap before GC invocations=29 (full 3):
 PSYoungGen      total 335872K, used 335871K [0x00000000e0000000, 0x00000000fb780000, 0x0000000100000000)
  eden space 295936K, 100% used [0x00000000e0000000,0x00000000f2100000,0x00000000f2100000)
  from space 39936K, 99% used [0x00000000f2100000,0x00000000f47ffd98,0x00000000f4800000)
  to   space 56320K, 0% used [0x00000000f8080000,0x00000000f8080000,0x00000000fb780000)
 ParOldGen       total 154112K, used 109957K [0x00000000a0000000, 0x00000000a9680000, 0x00000000e0000000)
  object space 154112K, 71% used [0x00000000a0000000,0x00000000a6b61730,0x00000000a9680000)
 Metaspace       used 88961K, capacity 93124K, committed 93184K, reserved 1130496K
  class space    used 11353K, capacity 12257K, committed 12288K, reserved 1048576K
Event: 677.348 GC heap after
Heap after GC invocations=29 (full 3):
 PSYoungGen      total 387584K, used 40335K [0x00000000e0000000, 0x00000000fb880000, 0x0000000100000000)
  eden space 331264K, 0% used [0x00000000e0000000,0x00000000e0000000,0x00000000f4380000)
  from space 56320K, 71% used [0x00000000f8080000,0x00000000fa7e3d90,0x00000000fb780000)
  to   space 59904K, 0% used [0x00000000f4380000,0x00000000f4380000,0x00000000f7e00000)
 ParOldGen       total 154112K, used 111775K [0x00000000a0000000, 0x00000000a9680000, 0x00000000e0000000)
  object space 154112K, 72% used [0x00000000a0000000,0x00000000a6d27cb0,0x00000000a9680000)
 Metaspace       used 88961K, capacity 93124K, committed 93184K, reserved 1130496K
  class space    used 11353K, capacity 12257K, committed 12288K, reserved 1048576K
}
Event: 1431.008 GC heap before
{Heap before GC invocations=30 (full 3):
 PSYoungGen      total 387584K, used 370664K [0x00000000e0000000, 0x00000000fb880000, 0x0000000100000000)
  eden space 331264K, 99% used [0x00000000e0000000,0x00000000f42963b0,0x00000000f4380000)
  from space 56320K, 71% used [0x00000000f8080000,0x00000000fa7e3d90,0x00000000fb780000)
  to   space 59904K, 0% used [0x00000000f4380000,0x00000000f4380000,0x00000000f7e00000)
 ParOldGen       total 154112K, used 111775K [0x00000000a0000000, 0x00000000a9680000, 0x00000000e0000000)
  object space 154112K, 72% used [0x00000000a0000000,0x00000000a6d27cb0,0x00000000a9680000)
 Metaspace       used 89952K, capacity 94176K, committed 94336K, reserved 1130496K
  class space    used 11401K, capacity 12291K, committed 12416K, reserved 1048576K
Event: 1431.043 GC heap after
Heap after GC invocations=30 (full 3):
 PSYoungGen      total 391168K, used 38306K [0x00000000e0000000, 0x00000000fdc00000, 0x0000000100000000)
  eden space 331264K, 0% used [0x00000000e0000000,0x00000000e0000000,0x00000000f4380000)
  from space 59904K, 63% used [0x00000000f4380000,0x00000000f68e8b38,0x00000000f7e00000)
  to   space 61440K, 0% used [0x00000000fa000000,0x00000000fa000000,0x00000000fdc00000)
 ParOldGen       total 154112K, used 111783K [0x00000000a0000000, 0x00000000a9680000, 0x00000000e0000000)
  object space 154112K, 72% used [0x00000000a0000000,0x00000000a6d29cb0,0x00000000a9680000)
 Metaspace       used 89952K, capacity 94176K, committed 94336K, reserved 1130496K
  class space    used 11401K, capacity 12291K, committed 12416K, reserved 1048576K
}
Event: 1431.553 GC heap before
{Heap before GC invocations=31 (full 3):
 PSYoungGen      total 391168K, used 369570K [0x00000000e0000000, 0x00000000fdc00000, 0x0000000100000000)
  eden space 331264K, 100% used [0x00000000e0000000,0x00000000f4380000,0x00000000f4380000)
  from space 59904K, 63% used [0x00000000f4380000,0x00000000f68e8b38,0x00000000f7e00000)
  to   space 61440K, 0% used [0x00000000fa000000,0x00000000fa000000,0x00000000fdc00000)
 ParOldGen       total 154112K, used 111783K [0x00000000a0000000, 0x00000000a9680000, 0x00000000e0000000)
  object space 154112K, 72% used [0x00000000a0000000,0x00000000a6d29cb0,0x00000000a9680000)
 Metaspace       used 90036K, capacity 94310K, committed 94592K, reserved 1132544K
  class space    used 11402K, capacity 12292K, committed 12416K, reserved 1048576K
Event: 1431.586 GC heap after
Heap after GC invocations=31 (full 3):
 PSYoungGen      total 424960K, used 38985K [0x00000000e0000000, 0x00000000fea00000, 0x0000000100000000)
  eden space 363520K, 0% used [0x00000000e0000000,0x00000000e0000000,0x00000000f6300000)
  from space 61440K, 63% used [0x00000000fa000000,0x00000000fc612728,0x00000000fdc00000)
  to   space 62464K, 0% used [0x00000000f6300000,0x00000000f6300000,0x00000000fa000000)
 ParOldGen       total 154112K, used 111791K [0x00000000a0000000, 0x00000000a9680000, 0x00000000e0000000)
  object space 154112K, 72% used [0x00000000a0000000,0x00000000a6d2bcb0,0x00000000a9680000)
 Metaspace       used 90036K, capacity 94310K, committed 94592K, reserved 1132544K
  class space    used 11402K, capacity 12292K, committed 12416K, reserved 1048576K
}

